INFO: Testing cipher TLS_AES_256_GCM_SHA384...
INFO:... is NOT availalbe
INFO: Testing cipher TLS_CHACHA20_POLY1305_SHA256...
INFO:... is NOT availalbe
INFO: Testing cipher TLS_AES_128_GCM_SHA256...
INFO:... is NOT availalbe
INFO: Testing cipher TLS_AES_128_CCM_SHA256...
INFO:... is NOT availalbe
INFO: Testing cipher ECDHE-ECDSA-AES256-GCM-SHA384...
INFO:... is NOT availalbe
INFO: Testing cipher ECDHE-RSA-AES256-GCM-SHA384...
INFO:... is NOT availalbe
INFO: Testing cipher DHE-DSS-AES256-GCM-SHA384...
INFO:... is NOT availalbe
INFO: Testing cipher DHE-RSA-AES256-GCM-SHA384...
INFO:... is NOT availalbe
INFO: Testing cipher ECDHE-ECDSA-CHACHA20-POLY1305...
INFO:... is NOT availalbe
INFO: Testing cipher ECDHE-RSA-CHACHA20-POLY1305...
INFO:... is NOT availalbe
INFO: Testing cipher DHE-RSA-CHACHA20-POLY1305...
INFO:... is NOT availalbe
INFO: Testing cipher ECDHE-ECDSA-AES256-CCM8...
INFO:... is NOT availalbe
INFO: Testing cipher ECDHE-ECDSA-AES256-CCM...
INFO:... is NOT availalbe
INFO: Testing cipher DHE-RSA-AES256-CCM8...
INFO:... is NOT availalbe
INFO: Testing cipher DHE-RSA-AES256-CCM...
INFO:... is NOT availalbe
INFO: Testing cipher ECDHE-ECDSA-ARIA256-GCM-SHA384...
INFO:... is NOT availalbe
INFO: Testing cipher ECDHE-ARIA256-GCM-SHA384...
INFO:... is NOT availalbe
INFO: Testing cipher DHE-DSS-ARIA256-GCM-SHA384...
INFO:... is NOT availalbe
INFO: Testing cipher DHE-RSA-ARIA256-GCM-SHA384...
INFO:... is NOT availalbe
INFO: Testing cipher ADH-AES256-GCM-SHA384...
INFO:... is NOT availalbe
INFO: Testing cipher ECDHE-ECDSA-AES128-GCM-SHA256...
INFO:... is NOT availalbe
INFO: Testing cipher ECDHE-RSA-AES128-GCM-SHA256...
INFO:... is NOT availalbe
INFO: Testing cipher DHE-DSS-AES128-GCM-SHA256...
INFO:... is NOT availalbe
INFO: Testing cipher DHE-RSA-AES128-GCM-SHA256...
INFO:... is NOT availalbe
INFO: Testing cipher ECDHE-ECDSA-AES128-CCM8...
INFO:... is NOT availalbe
INFO: Testing cipher ECDHE-ECDSA-AES128-CCM...
INFO:... is NOT availalbe
INFO: Testing cipher DHE-RSA-AES128-CCM8...
INFO:... is NOT availalbe
INFO: Testing cipher DHE-RSA-AES128-CCM...
INFO:... is NOT availalbe
INFO: Testing cipher ECDHE-ECDSA-ARIA128-GCM-SHA256...
INFO:... is NOT availalbe
INFO: Testing cipher ECDHE-ARIA128-GCM-SHA256...
INFO:... is NOT availalbe
INFO: Testing cipher DHE-DSS-ARIA128-GCM-SHA256...
INFO:... is NOT availalbe
INFO: Testing cipher DHE-RSA-ARIA128-GCM-SHA256...
INFO:... is NOT availalbe
INFO: Testing cipher ADH-AES128-GCM-SHA256...
INFO:... is NOT availalbe
INFO: Testing cipher ECDHE-ECDSA-AES256-SHA384...
INFO:... is NOT availalbe
INFO: Testing cipher ECDHE-RSA-AES256-SHA384...
INFO:... is NOT availalbe
INFO: Testing cipher DHE-RSA-AES256-SHA256...
INFO:... is NOT availalbe
INFO: Testing cipher DHE-DSS-AES256-SHA256...
INFO:... is NOT availalbe
INFO: Testing cipher ECDHE-ECDSA-CAMELLIA256-SHA384...
INFO:... is NOT availalbe
INFO: Testing cipher ECDHE-RSA-CAMELLIA256-SHA384...
INFO:... is NOT availalbe
INFO: Testing cipher DHE-RSA-CAMELLIA256-SHA256...
INFO:... is NOT availalbe
INFO: Testing cipher DHE-DSS-CAMELLIA256-SHA256...
INFO:... is NOT availalbe
INFO: Testing cipher ADH-AES256-SHA256...
INFO:... is NOT availalbe
INFO: Testing cipher ADH-CAMELLIA256-SHA256...
INFO:... is NOT availalbe
INFO: Testing cipher ECDHE-ECDSA-AES128-SHA256...
INFO:... is NOT availalbe
INFO: Testing cipher ECDHE-RSA-AES128-SHA256...
INFO:... is NOT availalbe
INFO: Testing cipher DHE-RSA-AES128-SHA256...
INFO:... is NOT availalbe
INFO: Testing cipher DHE-DSS-AES128-SHA256...
INFO:... is NOT availalbe
INFO: Testing cipher ECDHE-ECDSA-CAMELLIA128-SHA256...
INFO:... is NOT availalbe
INFO: Testing cipher ECDHE-RSA-CAMELLIA128-SHA256...
INFO:... is NOT availalbe
INFO: Testing cipher DHE-RSA-CAMELLIA128-SHA256...
INFO:... is NOT availalbe
INFO: Testing cipher DHE-DSS-CAMELLIA128-SHA256...
INFO:... is NOT availalbe
INFO: Testing cipher ADH-AES128-SHA256...
INFO:... is NOT availalbe
INFO: Testing cipher ADH-CAMELLIA128-SHA256...
INFO:... is NOT availalbe
INFO: Testing cipher ECDHE-ECDSA-AES256-SHA...
INFO:... is NOT availalbe
INFO: Testing cipher ECDHE-RSA-AES256-SHA...
INFO:... is NOT availalbe
INFO: Testing cipher DHE-RSA-AES256-SHA...
INFO:... is NOT availalbe
INFO: Testing cipher DHE-DSS-AES256-SHA...
INFO:... is NOT availalbe
INFO: Testing cipher DHE-RSA-CAMELLIA256-SHA...
INFO:... is NOT availalbe
INFO: Testing cipher DHE-DSS-CAMELLIA256-SHA...
INFO:... is NOT availalbe
INFO: Testing cipher AECDH-AES256-SHA...
INFO:... is NOT availalbe
INFO: Testing cipher ADH-AES256-SHA...
INFO:... is NOT availalbe
INFO: Testing cipher ADH-CAMELLIA256-SHA...
INFO:... is NOT availalbe
INFO: Testing cipher ECDHE-ECDSA-AES128-SHA...
INFO:... is NOT availalbe
INFO: Testing cipher ECDHE-RSA-AES128-SHA...
INFO:... is NOT availalbe
INFO: Testing cipher DHE-RSA-AES128-SHA...
INFO:... is NOT availalbe
INFO: Testing cipher DHE-DSS-AES128-SHA...
INFO:... is NOT availalbe
INFO: Testing cipher DHE-RSA-CAMELLIA128-SHA...
INFO:... is NOT availalbe
INFO: Testing cipher DHE-DSS-CAMELLIA128-SHA...
INFO:... is NOT availalbe
INFO: Testing cipher AECDH-AES128-SHA...
INFO:... is NOT availalbe
INFO: Testing cipher ADH-AES128-SHA...
INFO:... is NOT availalbe
INFO: Testing cipher ADH-CAMELLIA128-SHA...
INFO:... is NOT availalbe
INFO: Testing cipher RSA-PSK-AES256-GCM-SHA384...
INFO:... is NOT availalbe
INFO: Testing cipher DHE-PSK-AES256-GCM-SHA384...
INFO:... is NOT availalbe
INFO: Testing cipher RSA-PSK-CHACHA20-POLY1305...
INFO:... is NOT availalbe
INFO: Testing cipher DHE-PSK-CHACHA20-POLY1305...
INFO:... is NOT availalbe
INFO: Testing cipher ECDHE-PSK-CHACHA20-POLY1305...
INFO:... is NOT availalbe
INFO: Testing cipher DHE-PSK-AES256-CCM8...
INFO:... is NOT availalbe
INFO: Testing cipher DHE-PSK-AES256-CCM...
INFO:... is NOT availalbe
INFO: Testing cipher RSA-PSK-ARIA256-GCM-SHA384...
INFO:... is NOT availalbe
INFO: Testing cipher DHE-PSK-ARIA256-GCM-SHA384...
INFO:... is NOT availalbe
INFO: Testing cipher AES256-GCM-SHA384...
INFO:... is NOT availalbe
INFO: Testing cipher AES256-CCM8...
INFO:... is NOT availalbe
INFO: Testing cipher AES256-CCM...
INFO:... is NOT availalbe
INFO: Testing cipher ARIA256-GCM-SHA384...
INFO:... is NOT availalbe
INFO: Testing cipher PSK-AES256-GCM-SHA384...
INFO:... is NOT availalbe
INFO: Testing cipher PSK-CHACHA20-POLY1305...
INFO:... is NOT availalbe
INFO: Testing cipher PSK-AES256-CCM8...
INFO:... is NOT availalbe
INFO: Testing cipher PSK-AES256-CCM...
INFO:... is NOT availalbe
INFO: Testing cipher PSK-ARIA256-GCM-SHA384...
INFO:... is NOT availalbe
INFO: Testing cipher RSA-PSK-AES128-GCM-SHA256...
INFO:... is NOT availalbe
INFO: Testing cipher DHE-PSK-AES128-GCM-SHA256...
INFO:... is NOT availalbe
INFO: Testing cipher DHE-PSK-AES128-CCM8...
INFO:... is NOT availalbe
INFO: Testing cipher DHE-PSK-AES128-CCM...
INFO:... is NOT availalbe
INFO: Testing cipher RSA-PSK-ARIA128-GCM-SHA256...
INFO:... is NOT availalbe
INFO: Testing cipher DHE-PSK-ARIA128-GCM-SHA256...
INFO:... is NOT availalbe
INFO: Testing cipher AES128-GCM-SHA256...
INFO:... is NOT availalbe
INFO: Testing cipher AES128-CCM8...
INFO:... is NOT availalbe
INFO: Testing cipher AES128-CCM...
INFO:... is NOT availalbe
INFO: Testing cipher ARIA128-GCM-SHA256...
INFO:... is NOT availalbe
INFO: Testing cipher PSK-AES128-GCM-SHA256...
INFO:... is NOT availalbe
INFO: Testing cipher PSK-AES128-CCM8...
INFO:... is NOT availalbe
INFO: Testing cipher PSK-AES128-CCM...
INFO:... is NOT availalbe
INFO: Testing cipher PSK-ARIA128-GCM-SHA256...
INFO:... is NOT availalbe
INFO: Testing cipher AES256-SHA256...
INFO:... is NOT availalbe
INFO: Testing cipher CAMELLIA256-SHA256...
INFO:... is NOT availalbe
INFO: Testing cipher AES128-SHA256...
INFO:... is NOT availalbe
INFO: Testing cipher CAMELLIA128-SHA256...
INFO:... is NOT availalbe
INFO: Testing cipher ECDHE-PSK-AES256-CBC-SHA384...
INFO:... is NOT availalbe
INFO: Testing cipher ECDHE-PSK-AES256-CBC-SHA...
INFO:... is NOT availalbe
INFO: Testing cipher SRP-DSS-AES-256-CBC-SHA...
INFO:... is NOT availalbe
INFO: Testing cipher SRP-RSA-AES-256-CBC-SHA...
INFO:... is NOT availalbe
INFO: Testing cipher SRP-AES-256-CBC-SHA...
INFO:... is NOT availalbe
INFO: Testing cipher RSA-PSK-AES256-CBC-SHA384...
INFO:... is NOT availalbe
INFO: Testing cipher DHE-PSK-AES256-CBC-SHA384...
INFO:... is NOT availalbe
INFO: Testing cipher RSA-PSK-AES256-CBC-SHA...
INFO:... is NOT availalbe
INFO: Testing cipher DHE-PSK-AES256-CBC-SHA...
INFO:... is NOT availalbe
INFO: Testing cipher ECDHE-PSK-CAMELLIA256-SHA384...
INFO:... is NOT availalbe
INFO: Testing cipher RSA-PSK-CAMELLIA256-SHA384...
INFO:... is NOT availalbe
INFO: Testing cipher DHE-PSK-CAMELLIA256-SHA384...
INFO:... is NOT availalbe
INFO: Testing cipher AES256-SHA...
INFO:... is NOT availalbe
INFO: Testing cipher CAMELLIA256-SHA...
INFO:... is NOT availalbe
INFO: Testing cipher PSK-AES256-CBC-SHA384...
INFO:... is NOT availalbe
INFO: Testing cipher PSK-AES256-CBC-SHA...
INFO:... is NOT availalbe
INFO: Testing cipher PSK-CAMELLIA256-SHA384...
INFO:... is NOT availalbe
INFO: Testing cipher ECDHE-PSK-AES128-CBC-SHA256...
INFO:... is NOT availalbe
INFO: Testing cipher ECDHE-PSK-AES128-CBC-SHA...
INFO:... is NOT availalbe
INFO: Testing cipher SRP-DSS-AES-128-CBC-SHA...
INFO:... is NOT availalbe
INFO: Testing cipher SRP-RSA-AES-128-CBC-SHA...
INFO:... is NOT availalbe
INFO: Testing cipher SRP-AES-128-CBC-SHA...
INFO:... is NOT availalbe
INFO: Testing cipher RSA-PSK-AES128-CBC-SHA256...
INFO:... is NOT availalbe
INFO: Testing cipher DHE-PSK-AES128-CBC-SHA256...
INFO:... is NOT availalbe
INFO: Testing cipher RSA-PSK-AES128-CBC-SHA...
INFO:... is NOT availalbe
INFO: Testing cipher DHE-PSK-AES128-CBC-SHA...
INFO:... is NOT availalbe
INFO: Testing cipher ECDHE-PSK-CAMELLIA128-SHA256...
INFO:... is NOT availalbe
INFO: Testing cipher RSA-PSK-CAMELLIA128-SHA256...
INFO:... is NOT availalbe
INFO: Testing cipher DHE-PSK-CAMELLIA128-SHA256...
INFO:... is NOT availalbe
INFO: Testing cipher AES128-SHA...
INFO:... is NOT availalbe
INFO: Testing cipher CAMELLIA128-SHA...
INFO:... is NOT availalbe
INFO: Testing cipher PSK-AES128-CBC-SHA256...
INFO:... is NOT availalbe
INFO: Testing cipher PSK-AES128-CBC-SHA...
INFO:... is NOT availalbe
INFO: Testing cipher PSK-CAMELLIA128-SHA256...
INFO:... is NOT availalbe
INFO: Testing cipher ECDHE-ECDSA-NULL-SHA...
INFO:... is NOT availalbe
INFO: Testing cipher ECDHE-RSA-NULL-SHA...
INFO:... is NOT availalbe
INFO: Testing cipher AECDH-NULL-SHA...
INFO:... is NOT availalbe
INFO: Testing cipher NULL-SHA256...
INFO:... is NOT availalbe
INFO: Testing cipher ECDHE-PSK-NULL-SHA384...
INFO:... is NOT availalbe
INFO: Testing cipher ECDHE-PSK-NULL-SHA256...
INFO:... is NOT availalbe
INFO: Testing cipher ECDHE-PSK-NULL-SHA...
INFO:... is NOT availalbe
INFO: Testing cipher RSA-PSK-NULL-SHA384...
INFO:... is NOT availalbe
INFO: Testing cipher RSA-PSK-NULL-SHA256...
INFO:... is NOT availalbe
INFO: Testing cipher DHE-PSK-NULL-SHA384...
INFO:... is NOT availalbe
INFO: Testing cipher DHE-PSK-NULL-SHA256...
INFO:... is NOT availalbe
INFO: Testing cipher RSA-PSK-NULL-SHA...
INFO:... is NOT availalbe
INFO: Testing cipher DHE-PSK-NULL-SHA...
INFO:... is NOT availalbe
INFO: Testing cipher NULL-SHA...
INFO:... is NOT availalbe
INFO: Testing cipher NULL-MD5...
INFO:... is NOT availalbe
INFO: Testing cipher PSK-NULL-SHA384...
INFO:... is NOT availalbe
INFO: Testing cipher PSK-NULL-SHA256...
INFO:... is NOT availalbe
INFO: Testing cipher PSK-NULL-SHA...
INFO:... is NOT availalbe
